<?xml version="1.0" encoding="UTF-8"?>
<!-- Generated by org.testng.reporters.JUnitReportReporter -->
<testsuite skipped="0" hostname="DESKTOP-PQRS4LG" name="test.MainActivity" tests="1" failures="0" timestamp="2020-11-30T13:48:24 IST" time="284.139" errors="0">
  <testcase name="amazonTest" time="284.139" classname="test.MainActivity"/>
  <system-out/>
</testsuite> <!-- test.MainActivity -->
